<?xml version="1.0" encoding="UTF-8"?>
<!-- Generated by org.testng.reporters.JUnitReportReporter -->
<testsuite hostname="DESKTOP-OK061BU" name="org.testing.TestScripts.TC1" tests="1" failures="0" timestamp="9 Oct 2019 06:46:05 GMT" time="73.249" errors="0">
  <testcase name="ytc1" time="73.249" classname="org.testing.TestScripts.TC1"/>
</testsuite> <!-- org.testing.TestScripts.TC1 -->
