<?xml version="1.0" encoding="UTF-8"?>
<!-- Generated by org.testng.reporters.JUnitReportReporter -->
<testsuite hostname="DESKTOP-OK061BU" name="org.testing.TestScripts.TC2" tests="1" failures="0" timestamp="1 Oct 2019 13:06:46 GMT" time="44.337" errors="0">
  <testcase name="ytc1" time="44.337" classname="org.testing.TestScripts.TC2"/>
</testsuite> <!-- org.testing.TestScripts.TC2 -->
