<?xml version="1.0" encoding="UTF-8"?>
<!-- Generated by org.testng.reporters.JUnitReportReporter -->
<testsuite hostname="DESKTOP-OK061BU" name="org.testing.TestScripts.TC5" tests="1" failures="0" timestamp="1 Oct 2019 13:06:46 GMT" time="47.654" errors="0">
  <testcase name="ytc2" time="47.654" classname="org.testing.TestScripts.TC5"/>
</testsuite> <!-- org.testing.TestScripts.TC5 -->
