<?xml version="1.0" encoding="UTF-8"?>
<!-- Generated by org.testng.reporters.JUnitReportReporter -->
<testsuite hostname="DESKTOP-OK061BU" name="org.testing.TestScripts.TC3" tests="1" failures="0" timestamp="9 Oct 2019 06:51:35 GMT" time="76.609" errors="0">
  <testcase name="ytc2" time="76.609" classname="org.testing.TestScripts.TC3"/>
</testsuite> <!-- org.testing.TestScripts.TC3 -->
